<?xml version="1.0" encoding="UTF-8"?>
<testng-results ignored="0" total="5" passed="5" failed="0" skipped="0">
  <reporter-output>
  </reporter-output>
  <suite started-at="2022-04-24T12:38:13 EDT" name="Default suite" finished-at="2022-04-24T12:42:27 EDT" duration-ms="254678">
    <groups>
      <group name="cucumber">
        <method signature="AbstractTestNGCucumberTests.runScenario(io.cucumber.testng.PickleWrapper, io.cucumber.testng.FeatureWrapper)[pri:0, instance:com.run.RunQA@13b13b5d]" name="runScenario" class="io.cucumber.testng.AbstractTestNGCucumberTests"/>
      </group> <!-- cucumber -->
    </groups>
    <test started-at="2022-04-24T12:38:13 EDT" name="Default test" finished-at="2022-04-24T12:42:27 EDT" duration-ms="254678">
      <class name="com.run.RunQA">
        <test-method is-config="true" signature="setUpClass()[pri:0, instance:com.run.RunQA@13b13b5d]" started-at="2022-04-24T12:38:13 EDT" name="setUpClass" finished-at="2022-04-24T12:38:13 EDT" duration-ms="245" status="PASS">
          <reporter-output>
          </reporter-output>
        </test-method> <!-- setUpClass -->
        <test-method signature="runScenario(io.cucumber.testng.PickleWrapper, io.cucumber.testng.FeatureWrapper)[pri:0, instance:com.run.RunQA@13b13b5d]" started-at="2022-04-24T12:38:13 EDT" name="runScenario" description="Runs Cucumber Scenarios" data-provider="scenarios" finished-at="2022-04-24T12:38:31 EDT" duration-ms="17497" status="PASS">
          <params>
            <param index="0">
              <value>
                <![CDATA["As a registed user"]]>
              </value>
            </param>
            <param index="1">
              <value>
                <![CDATA["Varifying OSA Consulting Tech Corp Login features"]]>
              </value>
            </param>
          </params>
          <reporter-output>
          </reporter-output>
        </test-method> <!-- runScenario -->
        <test-method signature="runScenario(io.cucumber.testng.PickleWrapper, io.cucumber.testng.FeatureWrapper)[pri:0, instance:com.run.RunQA@13b13b5d]" started-at="2022-04-24T12:38:31 EDT" name="runScenario" description="Runs Cucumber Scenarios" data-provider="scenarios" finished-at="2022-04-24T12:39:11 EDT" duration-ms="40442" status="PASS">
          <params>
            <param index="0">
              <value>
                <![CDATA["As a registed user"]]>
              </value>
            </param>
            <param index="1">
              <value>
                <![CDATA["Varifying OSA Consulting Tech Corp Login features"]]>
              </value>
            </param>
          </params>
          <reporter-output>
          </reporter-output>
        </test-method> <!-- runScenario -->
        <test-method signature="runScenario(io.cucumber.testng.PickleWrapper, io.cucumber.testng.FeatureWrapper)[pri:0, instance:com.run.RunQA@13b13b5d]" started-at="2022-04-24T12:39:11 EDT" name="runScenario" description="Runs Cucumber Scenarios" data-provider="scenarios" finished-at="2022-04-24T12:41:26 EDT" duration-ms="134870" status="PASS">
          <params>
            <param index="0">
              <value>
                <![CDATA["As a registed user"]]>
              </value>
            </param>
            <param index="1">
              <value>
                <![CDATA["Varifying OSA Consulting Tech Corp Login features"]]>
              </value>
            </param>
          </params>
          <reporter-output>
          </reporter-output>
        </test-method> <!-- runScenario -->
        <test-method signature="runScenario(io.cucumber.testng.PickleWrapper, io.cucumber.testng.FeatureWrapper)[pri:0, instance:com.run.RunQA@13b13b5d]" started-at="2022-04-24T12:41:26 EDT" name="runScenario" description="Runs Cucumber Scenarios" data-provider="scenarios" finished-at="2022-04-24T12:42:11 EDT" duration-ms="45492" status="PASS">
          <params>
            <param index="0">
              <value>
                <![CDATA["As a registed user"]]>
              </value>
            </param>
            <param index="1">
              <value>
                <![CDATA["Varifying OSA Consulting Tech Corp Login features"]]>
              </value>
            </param>
          </params>
          <reporter-output>
          </reporter-output>
        </test-method> <!-- runScenario -->
        <test-method signature="runScenario(io.cucumber.testng.PickleWrapper, io.cucumber.testng.FeatureWrapper)[pri:0, instance:com.run.RunQA@13b13b5d]" started-at="2022-04-24T12:42:11 EDT" name="runScenario" description="Runs Cucumber Scenarios" data-provider="scenarios" finished-at="2022-04-24T12:42:27 EDT" duration-ms="16002" status="PASS">
          <params>
            <param index="0">
              <value>
                <![CDATA["As a registed user"]]>
              </value>
            </param>
            <param index="1">
              <value>
                <![CDATA["Varifying OSA Consulting Tech Corp Login features"]]>
              </value>
            </param>
          </params>
          <reporter-output>
          </reporter-output>
        </test-method> <!-- runScenario -->
        <test-method is-config="true" signature="tearDownClass()[pri:0, instance:com.run.RunQA@13b13b5d]" started-at="2022-04-24T12:42:27 EDT" name="tearDownClass" finished-at="2022-04-24T12:42:27 EDT" duration-ms="90" status="PASS">
          <reporter-output>
          </reporter-output>
        </test-method> <!-- tearDownClass -->
      </class> <!-- com.run.RunQA -->
    </test> <!-- Default test -->
  </suite> <!-- Default suite -->
</testng-results>
